10001 13
10003 34
10005 57
1001 17
1003 37
1005 1
1007 1
1013 2
1015 8
1017 6
1021 7
1027 2
1033 2
1035 4
1037 5
1039 17
1043 15
1045 2
1049 5
1051 17
1053 1
1055 10
1065 1
1067 3
1069 2
1071 7
1073 95
1075 1
1077 16
1079 5
1081 39
1083 13
1085 6
1087 2
1089 17
1091 9
1095 5
1097 61
1099 7
1101 19
1103 14
1105 7
1109 1
1111 2
1113 27
1115 3
1117 8
1119 4
1121 16
1123 7
1125 35
1127 10
1131 1
1133 1
12001 24
12003 3
12005 34
12007 7
12009 49
12011 197
12015 15
12017 4
12019 34
12021 28
12023 3
12027 1
12031 91
12033 1
12035 12
12037 1
12047 3
12051 5
12053 10
12055 4
12057 142
12061 5
12063 5
12065 1
12069 23
12071 71
12073 61
12075 6
12077 3
12079 1
12081 22
12083 20
12085 13
12086 232
12087 167
12089 7
12091 28
12095 392
12097 87
12099 115
12101 54
12103 127
12105 86
12109 33
12111 36
12113 22
12115 27
12117 24
12119 2
12121 10
12125 3
12127 71
12131 12
13003 3
13007 16
13009 9
13011 1
13013 2
13015 12
13017 1
13019 1
13021 39
13025 5
13027 1
13029 4
13031 10
13033 28
13035 1
13037 2
13045 15
13047 4
13049 1
13051 4
13053 6
13055 7
13057 13
13059 7
13063 32
13067 197
13069 3
13071 4
13073 46
13077 16
13079 10
13081 1
13085 2
13087 4
13089 49
13091 2
13095 12
13097 6
13099 2
13103 1
13107 1
13111 4
13113 9
13115 13
13117 32
13119 3
13121 309
13127 4
13129 3
13131 3
13133 6
13135 48
13139 14
13143 1
13145 6
13149 1
13151 24
13153 32
13157 4
13167 2
13175 7
13179 24
13181 1
13183 18
13185 11
13191 1
13197 1
13207 28
13215 2
13217 7
13221 1
13223 6
13227 6
13233 1
13245 9
13255 5
13261 1
13263 1
13267 2
13271 1
13275 7
13279 4
13281 3
13285 4
13293 1
13295 6
13297 4
13299 4
13303 4
13305 4
13313 3
16011 10
16027 10
16029 1
16031 1
16037 1
16041 1
16043 1
16047 2
16055 3
16057 1
16073 17
16077 3
17007 2
17011 2
17015 3
17019 24
17021 1
17023 1
17027 4
17029 7
17031 558
17035 1
17037 4
17041 1
17045 4
17049 5
17051 7
17057 1
17063 1
17075 5
17077 7
17081 1
17085 2
17089 32
17091 13
17093 2
17095 2
17097 82
17099 2
17101 2
17103 2
17105 1
17107 1
17109 3
17111 20
17113 15
17115 3
17117 6
17119 10
17121 4
17129 2
17133 17
17135 3
17137 7
17139 3
17141 1
17143 29
17145 1
17147 2
17151 1
17157 1
17161 20
17163 8
17167 15
17181 5
17183 14
17185 1
17187 3
17189 4
17195 3
17197 180
17199 1
17201 22
18001 5
18003 24
18005 4
18009 2
18011 6
18013 1
18017 1
18019 24
18021 2
18027 2
18031 4
18033 1
18035 19
18039 39
18041 6
18043 21
18049 1
18051 7
18053 15
18057 24
18059 3
18061 4
18063 14
18065 3
18067 1
18069 2
18071 3
18073 1
18075 5
18077 1
18079 1
18081 11
18085 11
18089 42
18091 18
18093 3
18095 22
18097 113
18103 4
18105 19
18107 3
18109 2
18113 4
18119 1
18127 12
18135 1
18139 1
18141 32
18145 1
18149 2
18151 4
18157 15
18163 1
18167 5
18169 8
18173 1
18177 1
18179 1
18181 1
19001 3
19011 1
19013 15
19015 2
19017 1
19027 2
19031 1
19033 2
19041 1
19045 4
19047 1
19049 5
19057 1
19059 4
19061 4
19069 2
19071 2
19075 1
19077 1
19079 2
19081 5
19095 1
19103 8
19105 3
19109 1
19111 3
19113 25
19115 4
19123 1
19127 3
19129 3
19139 2
19143 1
19149 1
19153 56
19155 9
19157 1
19165 1
19169 15
19171 7
19175 2
19187 4
19193 7
19195 4
19197 2
20001 2
20003 2
20005 3
20009 8
20013 1
20015 7
20019 1
20029 5
20031 3
20035 1
20037 3
20043 2
20045 12
20051 1
20053 1
20055 1
20057 2
20059 3
20061 22
20063 1
20065 1
20079 3
20089 3
20091 51
20093 1
20095 1
20097 1
20103 20
20105 2
20111 8
20113 1
20121 2
20123 1
20127 1
20137 1
20139 5
20145 1
20147 3
20149 4
20155 4
20159 1
20161 2
20169 5
20173 92
20175 14
20177 17
20181 1
20189 2
20191 1
20193 1
20207 1
20209 10
21009 1
21011 1
21013 1
21015 43
21019 1
21021 1
21025 1
21027 6
21029 23
21031 2
21035 1
21037 14
21047 5
21049 1
21051 2
21059 8
21063 1
21065 2
21067 27
21071 2
21073 4
21079 1
21083 1
21085 1
21089 4
21093 19
21095 10
21099 2
21101 11
21103 1
21107 2
21111 89
21113 14
21115 2
21117 27
21125 4
21131 2
21133 2
21137 2
21141 3
21151 8
21157 4
21161 1
21163 14
21167 1
21171 1
21173 4
21175 1
21177 1
21179 7
21185 2
21193 3
21195 1
21199 4
21203 3
21209 3
21211 2
21213 4
21215 6
21217 6
21219 1
21225 1
21227 13
21231 2
21233 1
21235 3
21237 2
21239 1
22001 2
22003 1
22005 7
22011 4
22015 1
22017 7
22019 47
22023 2
22027 8
22029 2
22033 8
22039 2
22043 7
22045 8
22047 21
22049 3
22051 9
22053 5
22055 10
22057 17
22061 1
22063 31
22065 14
22067 2
22069 3
22071 89
22073 42
22075 9
22079 12
22085 8
22089 20
22093 6
22097 17
22099 7
22101 5
22103 14
22105 1
22109 11
22113 9
22115 11
22117 3
22121 5
22127 1
23005 13
23009 4
23011 5
23013 1
23015 1
23017 17
23019 4
23027 2
23029 7
23031 74
24001 1
24003 57
24005 64
24009 14
24013 9
24015 7
24017 52
24019 8
24021 18
24023 2
24025 11
24027 45
24029 1
24031 47
24033 313
24035 2
24037 10
24039 1
24041 5
24043 42
24045 2
24047 32
24510 53
25001 39
25003 9
25005 94
25007 8
25009 75
25011 1
25013 106
25015 7
25017 306
25019 4
25021 65
25023 26
25025 1
25027 117
26003 1
26005 12
26011 4
26013 1
26015 8
26017 4
26019 2
26021 18
26025 15
26027 4
26029 13
26031 4
26033 9
26037 12
26043 1
26045 6
26049 103
26055 17
26057 10
26059 2
26065 59
26067 5
26069 1
26073 14
26075 35
26077 33
26079 1
26081 53
26087 7
26091 9
26093 25
26097 2
26099 116
26101 2
26103 6
26105 2
26107 2
26109 10
26111 1
26115 2
26117 6
26121 19
26123 1
26125 132
26127 1
26133 2
26137 1
26139 31
26141 1
26143 3
26145 34
26147 14
26149 16
26151 6
26155 6
26157 7
26159 7
26161 33
26163 295
26165 4
27001 3
27003 8
27005 6
27007 2
27009 2
27013 7
27017 1
27019 3
27021 14
27023 1
27025 1
27027 19
27031 1
27033 1
27037 27
27039 2
27041 2
27047 2
27053 152
27055 5
27057 3
27059 1
27061 2
27067 1
27075 1
27079 1
27081 1
27083 3
27085 1
27093 3
27095 3
27097 5
27099 1
27105 3
27109 3
27111 7
27115 1
27117 1
27119 1
27121 2
27123 42
27127 1
27131 3
27133 2
27137 17
27139 8
27141 1
27145 12
27147 2
27161 3
27163 15
27165 1
27171 19
28001 2
28003 4
28011 1
28015 7
28025 1
28029 2
28031 2
28033 10
28035 7
28043 1
28045 4
28047 26
28049 40
28059 3
28061 3
28065 3
28067 5
28071 11
28073 6
28075 6
28077 1
28081 4
28087 2
28091 1
28095 5
28099 6
28105 6
28107 4
28109 11
28115 1
28121 8
28123 6
28127 1
28131 1
28135 2
28137 2
28141 2
28143 1
28145 3
28149 5
28151 8
28159 15
28163 1
29001 9
29003 1
29007 2
29009 1
29011 1
29013 2
29019 18
29021 4
29027 3
29029 2
29031 5
29033 1
29037 2
29043 9
29047 7
29049 1
29051 4
29053 1
29065 1
29069 3
29071 5
29073 1
29075 1
29077 26
29083 3
29089 4
29095 69
29097 10
29099 6
29101 2
29105 3
29107 2
29109 1
29115 1
29121 5
29141 1
29143 1
29145 1
29147 2
29155 1
29157 2
29161 2
29165 9
29169 3
29173 1
29175 1
29179 1
29183 149
29187 8
29189 5
29195 2
29201 2
29205 8
29207 1
29209 3
29213 19
29217 1
29219 6
29225 4
30003 1
30005 2
30013 3
30029 2
30041 3
30055 1
30063 3
30067 1
30085 1
30089 5
30093 4
30111 6
31001 2
31003 1
31007 1
31013 1
31019 3
31021 1
31023 1
31025 2
31033 3
31039 4
31043 18
31045 2
31047 2
31055 44
31065 1
31079 1
31083 1
31087 1
31107 1
31109 27
31111 10
31119 3
31127 2
31129 4
31137 3
31141 2
31151 1
31153 10
31155 4
31157 3
31159 1
31177 1
31179 2
32001 1
32003 12
32005 1
32019 8
32023 278
32031 22
32510 1
33001 2
33003 12
33009 2
33011 27
33015 20
33017 8
33019 3
34001 58
34003 178
34005 79
34007 76
34009 94
34011 39
34013 236
34015 147
34017 116
34021 49
34023 50
34025 235
34027 75
34029 119
34031 3
34033 50
34035 10
34037 14
34039 33
34041 43
35001 51
35005 5
35009 4
35013 53
35015 3
35017 3
35025 6
35031 6
35035 7
35037 1
35039 1
35041 1
35043 10
35045 2
35047 4
35049 4
35051 1
35061 10
36001 75
36003 2
36005 81
36007 12
36009 17
36011 2
36013 17
36015 9
36017 1
36019 2
36021 5
36023 5
36025 9
36027 25
36029 160
36031 8
36033 2
36035 6
36037 4
36039 18
36043 4
36045 16
36049 3
36051 5
36053 17
36055 89
36057 4
36059 146
36061 113
36063 12
36065 6
36067 62
36069 15
36071 36
36073 2
36075 12
36077 1
36079 2
36081 714
36083 6
36085 77
36087 18
36089 10
36091 38
36093 2
36099 16
36101 13
36103 248
36105 12
36107 5
36109 6
36111 19
36113 4
36117 6
36119 101
36121 2
36123 1
37001 11
37003 2
37005 3
37011 2
37013 11
37017 1
37019 18
37021 37
37029 4
37031 12
37035 11
37037 8
37045 15
37047 5
37051 51
37053 6
37055 23
37057 4
37059 3
37061 2
37063 1
37065 8
37067 29
37069 4
37071 25
37077 3
37081 43
37083 11
37085 21
37087 6
37089 3
37091 3
37093 1
37097 20
37101 80
37103 6
37107 10
37109 6
37111 1
37119 176
37121 1
37123 1
37125 10
37127 7
37129 17
37133 17
37135 7
37139 4
37141 4
37143 8
37147 16
37151 6
37153 3
37155 6
37157 3
37159 12
37161 9
37165 30
37167 2
37169 1
37171 1
37173 3
37175 1
37179 3
37183 97
37185 1
37187 2
37189 1
37191 12
37193 1
37195 6
38003 1
38011 1
38017 3
38019 1
38025 1
38029 1
38035 1
38051 1
38053 2
38055 1
38059 8
38077 1
38079 3
38085 4
38095 1
38097 1
38099 3
38101 11
38105 1
39003 22
39005 2
39007 21
39009 4
39011 14
39013 12
39015 14
39017 56
39021 4
39023 27
39025 6
39027 18
39029 13
39031 4
39033 3
39035 175
39037 3
39041 14
39043 58
39045 10
39047 3
39049 155
39055 16
39057 26
39059 3
39061 73
39063 5
39065 5
39067 2
39069 1
39073 2
39075 2
39077 7
39081 12
39083 5
39085 6
39087 10
39089 16
39091 5
39093 85
39095 100
39097 2
39099 44
39101 7
39103 21
39107 3
39109 9
39113 46
39115 2
39119 6
39121 10
39125 1
39127 8
39129 12
39133 25
39135 3
39137 1
39139 15
39141 11
39143 15
39145 2
39147 2
39149 3
39151 42
39153 89
39155 19
39157 10
39159 2
39161 1
39165 26
39167 16
39169 18
39171 6
39173 5
39175 2
40003 1
40005 5
4001 4
40013 5
40015 2
40017 4
40019 14
40021 19
40027 17
4003 5
40031 11
40037 5
40039 8
40041 4
40049 2
4005 1
40051 7
40061 2
4007 5
40071 2
40073 1
40079 9
40081 1
40083 1
40087 28
40089 3
4009 3
40091 1
40097 3
40101 13
40103 3
40109 112
4011 1
40111 3
40113 4
40117 1
40119 1
4012 3
40121 8
40125 5
4013 164
40131 1
40133 5
40135 3
40137 2
40139 9
40143 37
40145 12
40147 14
40149 2
4015 13
40151 2
4019 121
4021 224
4023 5
4025 18
4027 3
41001 1
41003 7
41005 12
41007 6
41009 2
41011 6
41017 7
41019 2
41027 3
41029 18
41033 11
41035 1
41039 23
41041 3
41043 2
41047 23
41049 10
41051 156
41053 8
41057 1
41059 5
41061 1
41065 1
41067 45
41071 4
42001 5
42003 35
42005 3
42007 14
42009 1
42011 34
42015 5
42017 98
42019 13
42021 14
42025 5
42027 6
42029 49
42031 1
42033 1
42037 2
42039 6
42041 45
42043 25
42045 131
42047 2
42049 40
42051 19
42055 18
42057 2
42059 2
42061 3
42063 5
42065 2
42069 11
42071 23
42073 7
42075 4
42077 2
42079 5
42081 18
42083 2
42085 7
42087 9
42089 19
42091 92
42095 44
42097 10
42099 1
42101 66
42103 1
42107 16
42109 1
42111 9
42117 1
42119 4
42121 5
42123 2
42125 124
42127 3
42129 60
42133 98
44003 31
44007 103
44009 13
45003 1
45005 7
45007 23
45013 19
45015 3
45019 47
45021 8
45025 13
45029 5
45031 11
45033 4
45035 35
45037 9
45041 10
45043 22
45045 45
45047 16
45051 69
45053 1
45055 12
45057 7
45059 1
45061 1
45067 1
45071 5
45073 3
45075 45
45079 59
45081 2
45083 15
45085 3
45087 3
45091 40
46025 1
46027 1
46029 1
46033 2
46035 1
46041 1
46053 1
46057 1
46071 1
46079 2
46083 2
46087 4
46099 7
46103 17
46117 1
46121 1
46123 1
47001 29
47003 5
47005 1
47009 5
47011 8
47013 2
47017 4
47019 2
47021 11
47023 1
47025 2
47029 5
47031 4
47033 1
47037 96
47041 2
47043 7
47045 1
47053 3
47055 1
47057 1
47059 4
47065 40
47069 1
47071 1
47073 5
47081 1
47085 3
47089 7
47091 1
47093 21
47099 3
47105 1
47107 2
47109 1
47111 1
47113 1
47115 3
47117 3
47119 11
47123 5
47125 4
47141 6
47145 1
47147 4
47149 21
47153 1
47155 16
47157 88
47161 2
47163 8
47165 6
47167 2
47179 10
47185 1
47187 17
47189 6
48001 7
48005 7
48007 1
48009 5
48013 11
48015 3
48021 38
48025 14
48027 67
48029 256
48037 7
48039 23
48041 1
48043 2
48049 2
48051 21
48055 6
48057 5
48061 46
48071 14
48073 6
48077 1
48085 105
48089 19
48091 6
48097 6
48099 1
48103 1
48105 1
48111 1
48113 361
48115 5
48117 4
48121 92
48123 3
48127 3
48133 4
48135 7
48139 19
48141 40
48143 2
48145 8
48147 2
48149 2
48153 4
48157 113
48159 1
48161 22
48163 5
48165 4
48167 98
48177 2
48179 6
48181 11
48183 5
48185 1
48187 15
48189 6
48201 318
48203 9
48209 105
48213 6
48215 97
48217 13
48219 3
48221 2
48227 4
48231 4
48239 3
48241 7
48245 39
48249 18
48251 5
48253 2
48255 10
48257 19
48259 6
48265 2
48267 1
48271 4
48273 7
48277 9
48281 14
48283 1
48285 1
48287 4
48291 7
48293 8
48297 1
48303 31
48309 30
48311 1
48319 1
48321 21
48323 9
48325 5
48329 10
48339 36
48347 11
48349 11
48351 1
48355 69
48359 1
48361 12
48363 2
48365 1
48367 7
48369 2
48371 2
48375 1
48381 7
48385 2
48391 2
48395 9
48397 18
48405 1
48407 3
48409 6
48413 1
48419 1
48423 20
48425 1
48427 9
48429 1
48435 4
48439 289
48441 6
48449 6
48451 20
48453 42
48455 2
48459 1
48463 1
48465 3
48467 16
48469 9
48471 12
48473 4
48475 2
48477 5
48479 12
48485 38
48489 19
48491 64
48497 8
48499 1
48503 1
48505 2
48507 1
49001 1
49005 3
49007 1
49011 14
49013 1
49015 1
49019 9
49021 3
49025 1
49029 2
49033 1
49035 73
49037 1
49039 2
49043 3
49045 1
49049 23
49051 2
49053 13
49057 12
50001 1
50003 4
50007 4
50011 2
50013 1
50015 1
50021 6
50023 1
50027 2
5003 6
5007 9
5009 1
5013 1
5015 3
5017 2
5019 5
5021 3
5023 1
5027 4
5031 4
5033 2
5035 10
5037 2
5043 3
5045 6
5049 1
5051 6
5053 1
5055 1
5057 8
5059 4
5061 1
5065 1
5069 3
5071 4
5075 1
5081 2
5083 1
5087 1
5091 8
5093 8
5099 4
51001 5
51003 17
51007 4
51009 2
51011 1
51015 11
51019 6
51023 2
51025 6
51027 1
5103 3
51031 4
51033 9
51036 1
51041 80
51043 2
51047 12
51053 17
51059 71
51061 16
51063 3
51065 1
51067 5
51069 5
5107 1
51073 1
51079 2
51081 4
51085 24
51087 68
51089 8
5109 1
51093 38
51097 7
51107 14
51109 4
5111 1
51111 1
51113 1
51115 3
51117 1
51121 8
51125 4
51127 5
5113 1
51135 1
51143 14
51149 25
51153 106
51155 4
51161 16
51165 16
51169 3
51171 4
51173 2
51175 20
51179 23
51181 2
51185 1
51187 3
5119 8
51191 8
51197 6
51199 15
5123 4
5125 50
5127 1
5129 4
5131 10
5139 17
5141 1
5143 15
5145 1
5149 3
51550 41
51650 27
51710 9
51740 8
51810 90
51820 6
51830 2
53003 3
53009 7
53011 9
53017 1
53021 13
53025 3
53027 7
53029 8
53031 5
53033 203
53035 8
53037 11
53041 5
53049 1
53051 1
53053 119
53057 2
53061 69
53063 18
53067 16
53071 5
53073 6
53075 10
53077 29
54001 4
54003 12
54005 1
54011 1
54019 4
54025 5
54033 7
54035 2
54039 24
54041 1
54049 18
54053 1
54055 6
54059 12
54061 4
54069 5
54071 1
54077 2
54079 1
54081 7
54083 4
54087 1
54091 4
54099 9
54103 1
54105 1
54107 1
54109 2
55003 4
55009 18
55017 1
55021 3
55025 26
55027 9
55029 2
55033 1
55035 8
55039 5
55045 1
55051 4
55053 1
55055 6
55059 21
55061 1
55063 2
55067 1
55071 4
55073 3
55079 103
55083 1
55085 3
55087 21
55089 3
55093 2
55097 4
55101 24
55103 3
55105 16
55109 2
55111 12
55113 2
55117 7
55125 2
55127 2
55131 3
55133 20
55135 3
55139 14
55141 1
56005 1
56011 1
56015 1
56021 3
56023 1
56025 2
56029 3
56035 1
56037 3
56039 2
6001 49
6007 9
6009 6
6011 3
6013 127
6015 1
6017 7
6019 67
6021 3
6023 3
6025 52
6027 3
6029 86
6031 31
6033 2
6037 1180
6039 41
6041 40
6043 3
6045 4
6047 16
6051 2
6053 41
6055 16
6057 4
6059 529
6061 47
6063 1
6065 243
6067 179
6069 17
6071 257
6073 308
6075 177
6077 89
6079 16
6081 119
6083 30
6085 90
6087 72
6089 11
6095 35
6097 16
6099 46
6101 18
6103 3
6111 130
6113 16
6115 2
8001 7
8005 10
8011 1
8013 16
8014 9
8017 1
8031 107
8035 12
8037 4
8041 39
8045 1
8049 1
8051 2
8059 23
8061 1
8067 3
8069 10
8075 1
8077 3
8081 1
8083 1
8097 3
8099 3
8101 4
8105 2
8107 2
8111 1
8117 3
8119 2
8121 1
8123 5
9001 90
9003 98
9005 12
9007 10
9009 71
9011 39
9013 11
9015 4
Starting to parse input
reading shapefiles and making rtree index
